<?xml version="1.0" encoding="UTF-8"?>
<!-- Generated by org.testng.reporters.JUnitReportReporter -->
<testsuite skipped="0" hostname="DESKTOP-IFJIGM4" name="testNG_project.CRM_TestNG" tests="2" failures="0" timestamp="2022-05-14T08:57:06 CDT" time="17.745" errors="0">
  <testcase name="loginTest" time="9.796" classname="testNG_project.CRM_TestNG"/>
  <system-out/>
  <testcase name="addCustomerTest" time="7.949" classname="testNG_project.CRM_TestNG"/>
  <system-out/>
</testsuite> <!-- testNG_project.CRM_TestNG -->
